-------------------------------------------------------------------------------
Test set: com.example.taskManager.integration.runners.TaskManagerTestRunner
-------------------------------------------------------------------------------
Tests run: 7, Failures: 1, Errors: 0, Skipped: 0, Time elapsed: 4.006 s <<< FAILURE! - in com.example.taskManager.integration.runners.TaskManagerTestRunner
Authentication API.Register a new user successfully  Time elapsed: 1.698 s  <<< FAILURE!
java.lang.AssertionError: 

Expected: is <201>
     but: was <400>
	at org.hamcrest.MatcherAssert.assertThat(MatcherAssert.java:20)
	at org.hamcrest.MatcherAssert.assertThat(MatcherAssert.java:8)
	at com.example.taskManager.integration.support.AssertionHelper.status(AssertionHelper.java:11)
	at com.example.taskManager.integration.stepdefinitions.AuthenticationStepDefinitions.status_should_be(AuthenticationStepDefinitions.java:31)
	at âœ½.the response status should be 201(file:///C:/Users/anirb/OneDrive/Desktop/TaskManager/taskmanager_integration_tests/src/test/resources/features/authentication/authentication.feature:6)

