<?xml version="1.0" encoding="UTF-8"?>
<testsuite xmlns:xsi="http://www.w3.org/2001/XMLSchema-instance" xsi:noNamespaceSchemaLocation="https://maven.apache.org/surefire/maven-surefire-plugin/xsd/surefire-test-report-3.0.xsd" version="3.0" name="com.example.taskManager.integration.runners.TaskManagerTestRunner" time="6.796" tests="7" errors="0" skipped="0" failures="0">
  <properties>
[...]
</properties>
  <testcase name="Register a new user successfully" classname="Authentication API" time="3.632">
    <system-out><![CDATA[
Scenario: Register a new user successfully                                 &amp#27;[90m# src/test/resources/features/authentication/authentication.feature:3&amp#27;[0m
  &amp#27;[32mGiven &amp#27;[0m&amp#27;[32mthe authentication service is available&amp#27;[0m                            &amp#27;[90m# com.example.taskManager.integration.stepdefinitions.AuthenticationStepDefinitions.the_authentication_service_is_available()&amp#27;[0m
  &amp#27;[32mWhen &amp#27;[0m&amp#27;[32mI register a user with username &amp#27;[0m&amp#27;[32m&amp#27;[1m"random"&amp#27;[0m&amp#27;[32m and password &amp#27;[0m&amp#27;[32m&amp#27;[1m"password123"&amp#27;[0m &amp#27;[90m# com.example.taskManager.integration.stepdefinitions.AuthenticationStepDefinitions.i_register_a_user_with_username_and_password(java.lang.String,java.lang.String)&amp#27;[0m
  &amp#27;[32mThen &amp#27;[0m&amp#27;[32mthe response status should be &amp#27;[0m&amp#27;[32m&amp#27;[1m201&amp#27;[0m                                   &amp#27;[90m# com.example.taskManager.integration.stepdefinitions.TaskStepDefinitions.the_response_status_should_be(java.lang.Integer)&amp#27;[0m
  &amp#27;[32mAnd &amp#27;[0m&amp#27;[32mthe response should contain &amp#27;[0m&amp#27;[32m&amp#27;[1m"username"&amp#27;[0m                               &amp#27;[90m# com.example.taskManager.integration.stepdefinitions.AuthenticationStepDefinitions.the_response_should_contain_key_only(java.lang.String)&amp#27;[0m
]]></system-out>
    <system-err><![CDATA[SLF4J: Failed to load class "org.slf4j.impl.StaticLoggerBinder".
SLF4J: Defaulting to no-operation (NOP) logger implementation
SLF4J: See http://www.slf4j.org/codes.html#StaticLoggerBinder for further details.
]]></system-err>
  </testcase>
  <testcase name="Login with valid credentials" classname="Authentication API" time="0.55">
    <system-out><![CDATA[
Scenario: Login with valid credentials                                     &amp#27;[90m# src/test/resources/features/authentication/authentication.feature:9&amp#27;[0m
  &amp#27;[32mGiven &amp#27;[0m&amp#27;[32mthe authentication service is available&amp#27;[0m                            &amp#27;[90m# com.example.taskManager.integration.stepdefinitions.AuthenticationStepDefinitions.the_authentication_service_is_available()&amp#27;[0m
  &amp#27;[32mWhen &amp#27;[0m&amp#27;[32mI register a user with username &amp#27;[0m&amp#27;[32m&amp#27;[1m"random"&amp#27;[0m&amp#27;[32m and password &amp#27;[0m&amp#27;[32m&amp#27;[1m"password123"&amp#27;[0m &amp#27;[90m# com.example.taskManager.integration.stepdefinitions.AuthenticationStepDefinitions.i_register_a_user_with_username_and_password(java.lang.String,java.lang.String)&amp#27;[0m
  &amp#27;[32mAnd &amp#27;[0m&amp#27;[32mI login with username &amp#27;[0m&amp#27;[32m&amp#27;[1m"context"&amp#27;[0m&amp#27;[32m and password &amp#27;[0m&amp#27;[32m&amp#27;[1m"context"&amp#27;[0m               &amp#27;[90m# com.example.taskManager.integration.stepdefinitions.AuthenticationStepDefinitions.i_login_with_username_and_password(java.lang.String,java.lang.String)&amp#27;[0m
  &amp#27;[32mThen &amp#27;[0m&amp#27;[32mthe response status should be &amp#27;[0m&amp#27;[32m&amp#27;[1m200&amp#27;[0m                                   &amp#27;[90m# com.example.taskManager.integration.stepdefinitions.TaskStepDefinitions.the_response_status_should_be(java.lang.Integer)&amp#27;[0m
  &amp#27;[32mAnd &amp#27;[0m&amp#27;[32mthe response should contain a &amp#27;[0m&amp#27;[32m&amp#27;[1m"token"&amp#27;[0m                                &amp#27;[90m# com.example.taskManager.integration.stepdefinitions.AuthenticationStepDefinitions.the_response_should_contain(java.lang.String)&amp#27;[0m
]]></system-out>
  </testcase>
  <testcase name="Backend health endpoint responds" classname="Health check" time="0.292">
    <system-out><![CDATA[
Scenario: Backend health endpoint responds      &amp#27;[90m# src/test/resources/features/common/health-check.feature:3&amp#27;[0m
  &amp#27;[32mGiven &amp#27;[0m&amp#27;[32mthe authentication service is available&amp#27;[0m &amp#27;[90m# com.example.taskManager.integration.stepdefinitions.AuthenticationStepDefinitions.the_authentication_service_is_available()&amp#27;[0m
  &amp#27;[32mWhen &amp#27;[0m&amp#27;[32mI call GET &amp#27;[0m&amp#27;[32m&amp#27;[1m"/actuator/health"&amp#27;[0m            &amp#27;[90m# com.example.taskManager.integration.stepdefinitions.CommonStepDefinitions.call_get(java.lang.String)&amp#27;[0m
  &amp#27;[32mThen &amp#27;[0m&amp#27;[32mthe response status should be &amp#27;[0m&amp#27;[32m&amp#27;[1m200&amp#27;[0m        &amp#27;[90m# com.example.taskManager.integration.stepdefinitions.TaskStepDefinitions.the_response_status_should_be(java.lang.Integer)&amp#27;[0m
]]></system-out>
  </testcase>
  <testcase name="Create a new task for logged in user" classname="Task creation" time="0.573">
    <system-out><![CDATA[
Scenario: Create a new task for logged in user                                            &amp#27;[90m# src/test/resources/features/tasks/task-create.feature:3&amp#27;[0m
  &amp#27;[32mGiven &amp#27;[0m&amp#27;[32mthe authentication service is available&amp#27;[0m                                           &amp#27;[90m# com.example.taskManager.integration.stepdefinitions.AuthenticationStepDefinitions.the_authentication_service_is_available()&amp#27;[0m
  &amp#27;[32mWhen &amp#27;[0m&amp#27;[32mI register a user with username &amp#27;[0m&amp#27;[32m&amp#27;[1m"random"&amp#27;[0m&amp#27;[32m and password &amp#27;[0m&amp#27;[32m&amp#27;[1m"password123"&amp#27;[0m                &amp#27;[90m# com.example.taskManager.integration.stepdefinitions.AuthenticationStepDefinitions.i_register_a_user_with_username_and_password(java.lang.String,java.lang.String)&amp#27;[0m
  &amp#27;[32mAnd &amp#27;[0m&amp#27;[32mI am logged in as &amp#27;[0m&amp#27;[32m&amp#27;[1m"context"&amp#27;[0m&amp#27;[32m with password &amp#27;[0m&amp#27;[32m&amp#27;[1m"context"&amp#27;[0m                                 &amp#27;[90m# com.example.taskManager.integration.stepdefinitions.AuthenticationStepDefinitions.i_am_logged_in_as_with_password(java.lang.String,java.lang.String)&amp#27;[0m
  &amp#27;[32mWhen &amp#27;[0m&amp#27;[32mI create a task with title &amp#27;[0m&amp#27;[32m&amp#27;[1m"Write tests"&amp#27;[0m&amp#27;[32m and description &amp#27;[0m&amp#27;[32m&amp#27;[1m"Write integration tests"&amp#27;[0m &amp#27;[90m# com.example.taskManager.integration.stepdefinitions.TaskStepDefinitions.i_create_a_task(java.lang.String,java.lang.String)&amp#27;[0m
  &amp#27;[32mThen &amp#27;[0m&amp#27;[32mthe response status should be &amp#27;[0m&amp#27;[32m&amp#27;[1m201&amp#27;[0m                                                  &amp#27;[90m# com.example.taskManager.integration.stepdefinitions.TaskStepDefinitions.the_response_status_should_be(java.lang.Integer)&amp#27;[0m
  &amp#27;[32mAnd &amp#27;[0m&amp#27;[32mthe response should contain a numeric &amp#27;[0m&amp#27;[32m&amp#27;[1m"id"&amp#27;[0m                                          &amp#27;[90m# com.example.taskManager.integration.stepdefinitions.TaskStepDefinitions.the_response_should_contain_a_numeric(java.lang.String)&amp#27;[0m
]]></system-out>
  </testcase>
  <testcase name="Delete an existing task" classname="Task deletion" time="0.589">
    <system-out><![CDATA[
Scenario: Delete an existing task                                          &amp#27;[90m# src/test/resources/features/tasks/task-delete.feature:3&amp#27;[0m
  &amp#27;[32mGiven &amp#27;[0m&amp#27;[32mthe authentication service is available&amp#27;[0m                            &amp#27;[90m# com.example.taskManager.integration.stepdefinitions.AuthenticationStepDefinitions.the_authentication_service_is_available()&amp#27;[0m
  &amp#27;[32mWhen &amp#27;[0m&amp#27;[32mI register a user with username &amp#27;[0m&amp#27;[32m&amp#27;[1m"random"&amp#27;[0m&amp#27;[32m and password &amp#27;[0m&amp#27;[32m&amp#27;[1m"password123"&amp#27;[0m &amp#27;[90m# com.example.taskManager.integration.stepdefinitions.AuthenticationStepDefinitions.i_register_a_user_with_username_and_password(java.lang.String,java.lang.String)&amp#27;[0m
  &amp#27;[32mAnd &amp#27;[0m&amp#27;[32mI am logged in as &amp#27;[0m&amp#27;[32m&amp#27;[1m"context"&amp#27;[0m&amp#27;[32m with password &amp#27;[0m&amp#27;[32m&amp#27;[1m"context"&amp#27;[0m                  &amp#27;[90m# com.example.taskManager.integration.stepdefinitions.AuthenticationStepDefinitions.i_am_logged_in_as_with_password(java.lang.String,java.lang.String)&amp#27;[0m
  &amp#27;[32mAnd &amp#27;[0m&amp#27;[32mI have a task with title &amp#27;[0m&amp#27;[32m&amp#27;[1m"Write tests to delete"&amp#27;[0m                     &amp#27;[90m# com.example.taskManager.integration.stepdefinitions.TaskStepDefinitions.i_have_a_task_with_title(java.lang.String)&amp#27;[0m
  &amp#27;[32mWhen &amp#27;[0m&amp#27;[32mI delete that task&amp#27;[0m                                                  &amp#27;[90m# com.example.taskManager.integration.stepdefinitions.TaskStepDefinitions.i_delete_that_task()&amp#27;[0m
  &amp#27;[32mThen &amp#27;[0m&amp#27;[32mthe response status should be &amp#27;[0m&amp#27;[32m&amp#27;[1m204&amp#27;[0m                                   &amp#27;[90m# com.example.taskManager.integration.stepdefinitions.TaskStepDefinitions.the_response_status_should_be(java.lang.Integer)&amp#27;[0m
]]></system-out>
  </testcase>
  <testcase name="Fetch tasks for logged-in user" classname="Task fetching" time="0.518">
    <system-out><![CDATA[
Scenario: Fetch tasks for logged-in user                                   &amp#27;[90m# src/test/resources/features/tasks/task-fetch.feature:3&amp#27;[0m
  &amp#27;[32mGiven &amp#27;[0m&amp#27;[32mthe authentication service is available&amp#27;[0m                            &amp#27;[90m# com.example.taskManager.integration.stepdefinitions.AuthenticationStepDefinitions.the_authentication_service_is_available()&amp#27;[0m
  &amp#27;[32mWhen &amp#27;[0m&amp#27;[32mI register a user with username &amp#27;[0m&amp#27;[32m&amp#27;[1m"random"&amp#27;[0m&amp#27;[32m and password &amp#27;[0m&amp#27;[32m&amp#27;[1m"password123"&amp#27;[0m &amp#27;[90m# com.example.taskManager.integration.stepdefinitions.AuthenticationStepDefinitions.i_register_a_user_with_username_and_password(java.lang.String,java.lang.String)&amp#27;[0m
  &amp#27;[32mAnd &amp#27;[0m&amp#27;[32mI am logged in as &amp#27;[0m&amp#27;[32m&amp#27;[1m"context"&amp#27;[0m&amp#27;[32m with password &amp#27;[0m&amp#27;[32m&amp#27;[1m"context"&amp#27;[0m                  &amp#27;[90m# com.example.taskManager.integration.stepdefinitions.AuthenticationStepDefinitions.i_am_logged_in_as_with_password(java.lang.String,java.lang.String)&amp#27;[0m
  &amp#27;[32mWhen &amp#27;[0m&amp#27;[32mI request all tasks&amp#27;[0m                                                 &amp#27;[90m# com.example.taskManager.integration.stepdefinitions.TaskStepDefinitions.i_request_all_tasks()&amp#27;[0m
  &amp#27;[32mThen &amp#27;[0m&amp#27;[32mthe response status should be &amp#27;[0m&amp#27;[32m&amp#27;[1m200&amp#27;[0m                                   &amp#27;[90m# com.example.taskManager.integration.stepdefinitions.TaskStepDefinitions.the_response_status_should_be(java.lang.Integer)&amp#27;[0m
  &amp#27;[32mAnd &amp#27;[0m&amp#27;[32mthe response should be a list&amp#27;[0m                                        &amp#27;[90m# com.example.taskManager.integration.stepdefinitions.TaskStepDefinitions.the_response_should_be_a_list()&amp#27;[0m
]]></system-out>
  </testcase>
  <testcase name="Update an existing task" classname="Task update" time="0.55">
    <system-out><![CDATA[
Scenario: Update an existing task                                          &amp#27;[90m# src/test/resources/features/tasks/task-update.feature:3&amp#27;[0m
  &amp#27;[32mGiven &amp#27;[0m&amp#27;[32mthe authentication service is available&amp#27;[0m                            &amp#27;[90m# com.example.taskManager.integration.stepdefinitions.AuthenticationStepDefinitions.the_authentication_service_is_available()&amp#27;[0m
  &amp#27;[32mWhen &amp#27;[0m&amp#27;[32mI register a user with username &amp#27;[0m&amp#27;[32m&amp#27;[1m"random"&amp#27;[0m&amp#27;[32m and password &amp#27;[0m&amp#27;[32m&amp#27;[1m"password123"&amp#27;[0m &amp#27;[90m# com.example.taskManager.integration.stepdefinitions.AuthenticationStepDefinitions.i_register_a_user_with_username_and_password(java.lang.String,java.lang.String)&amp#27;[0m
  &amp#27;[32mAnd &amp#27;[0m&amp#27;[32mI am logged in as &amp#27;[0m&amp#27;[32m&amp#27;[1m"context"&amp#27;[0m&amp#27;[32m with password &amp#27;[0m&amp#27;[32m&amp#27;[1m"context"&amp#27;[0m                  &amp#27;[90m# com.example.taskManager.integration.stepdefinitions.AuthenticationStepDefinitions.i_am_logged_in_as_with_password(java.lang.String,java.lang.String)&amp#27;[0m
  &amp#27;[32mAnd &amp#27;[0m&amp#27;[32mI have a task with title &amp#27;[0m&amp#27;[32m&amp#27;[1m"Write tests"&amp#27;[0m                               &amp#27;[90m# com.example.taskManager.integration.stepdefinitions.TaskStepDefinitions.i_have_a_task_with_title(java.lang.String)&amp#27;[0m
  &amp#27;[32mWhen &amp#27;[0m&amp#27;[32mI update that task to set completed true&amp#27;[0m                            &amp#27;[90m# com.example.taskManager.integration.stepdefinitions.TaskStepDefinitions.i_update_that_task_to_set_completed_true()&amp#27;[0m
  &amp#27;[32mThen &amp#27;[0m&amp#27;[32mthe response status should be &amp#27;[0m&amp#27;[32m&amp#27;[1m200&amp#27;[0m                                   &amp#27;[90m# com.example.taskManager.integration.stepdefinitions.TaskStepDefinitions.the_response_status_should_be(java.lang.Integer)&amp#27;[0m
  &amp#27;[32mAnd &amp#27;[0m&amp#27;[32mthe response should contain &amp#27;[0m&amp#27;[32m&amp#27;[1m"completed"&amp#27;[0m&amp#27;[32m: true&amp#27;[0m                        &amp#27;[90m# com.example.taskManager.integration.stepdefinitions.TaskStepDefinitions.the_response_should_contain_true(java.lang.String)&amp#27;[0m
]]></system-out>
  </testcase>
</testsuite>