{"uuid":"18af9225-0624-43ad-b53c-9d73f50f12f9","historyId":"f79948713acae836bdaefb67bac63a7c","fullName":"src/test/resources/features/authentication/authentication.feature:3","labels":[{"name":"host","value":"Anirban"},{"name":"thread","value":"28236@Anirban.main(1)"},{"name":"feature","value":"Authentication API"},{"name":"story","value":"Register a new user successfully"},{"name":"suite","value":"Authentication API"},{"name":"testClass","value":"Register a new user successfully"},{"name":"framework","value":"cucumber4jvm"},{"name":"language","value":"java"},{"name":"gherkin_uri","value":"file:///C:/Users/anirb/OneDrive/Desktop/TaskManager/taskmanager_integration_tests/src/test/resources/features/authentication/authentication.feature"},{"name":"package","value":"src.test.resources.features.authentication.authentication_feature.Authentication API"}],"links":[],"name":"Register a new user successfully","status":"failed","statusDetails":{"known":false,"muted":false,"flaky":false,"message":"\nExpected: is <201>\n     but: was <400>","trace":"java.lang.AssertionError: \nExpected: is <201>\n     but: was <400>\r\n\tat org.hamcrest.MatcherAssert.assertThat(MatcherAssert.java:20)\r\n\tat org.hamcrest.MatcherAssert.assertThat(MatcherAssert.java:8)\r\n\tat com.example.taskManager.integration.support.AssertionHelper.status(AssertionHelper.java:11)\r\n\tat com.example.taskManager.integration.stepdefinitions.AuthenticationStepDefinitions.status_should_be(AuthenticationStepDefinitions.java:31)\r\n\tat ✽.the response status should be 201(file:///C:/Users/anirb/OneDrive/Desktop/TaskManager/taskmanager_integration_tests/src/test/resources/features/authentication/authentication.feature:6)\r\n"},"stage":"finished","steps":[{"name":"Given  the authentication service is available","status":"passed","statusDetails":{"known":false,"muted":false,"flaky":false},"stage":"finished","steps":[],"attachments":[],"parameters":[],"start":1763279505097,"stop":1763279505105},{"name":"When  I register a user with username \"testuser\" and password \"password123\"","status":"passed","statusDetails":{"known":false,"muted":false,"flaky":false},"stage":"finished","steps":[],"attachments":[],"parameters":[],"start":1763279505109,"stop":1763279507238},{"name":"Then  the response status should be 201","status":"failed","statusDetails":{"known":false,"muted":false,"flaky":false,"message":"\nExpected: is <201>\n     but: was <400>","trace":"java.lang.AssertionError: \nExpected: is <201>\n     but: was <400>\r\n\tat org.hamcrest.MatcherAssert.assertThat(MatcherAssert.java:20)\r\n\tat org.hamcrest.MatcherAssert.assertThat(MatcherAssert.java:8)\r\n\tat com.example.taskManager.integration.support.AssertionHelper.status(AssertionHelper.java:11)\r\n\tat com.example.taskManager.integration.stepdefinitions.AuthenticationStepDefinitions.status_should_be(AuthenticationStepDefinitions.java:31)\r\n\tat ✽.the response status should be 201(file:///C:/Users/anirb/OneDrive/Desktop/TaskManager/taskmanager_integration_tests/src/test/resources/features/authentication/authentication.feature:6)\r\n"},"stage":"finished","steps":[],"attachments":[],"parameters":[],"start":1763279507239,"stop":1763279507254},{"name":"And  the response should contain \"username\" with value \"testuser\"","status":"skipped","statusDetails":{"known":false,"muted":false,"flaky":false},"stage":"finished","steps":[],"attachments":[],"parameters":[],"start":1763279507256,"stop":1763279507257}],"attachments":[],"parameters":[],"start":1763279505094,"stop":1763279507264}